2021-07-14 18:01:02.563  INFO 12632 --- [main] ms.wacr.com.ConfigServerApplication      : Starting ConfigServerApplication using Java 1.8.0_292 on LIM-3LPR8S2 with PID 12632 (C:\Users\wcabrerr\WorkSpace\Microservices\enmilocalfunciona\configServer\target\classes started by wcabrerr in C:\Users\wcabrerr\WorkSpace\Microservices\enmilocalfunciona\configServer)
2021-07-14 18:01:02.568  INFO 12632 --- [main] ms.wacr.com.ConfigServerApplication      : No active profile set, falling back to default profiles: default
2021-07-14 18:01:02.569  INFO 12632 --- [background-preinit] o.h.validator.internal.util.Version      : HV000001: Hibernate Validator 6.2.0.Final
2021-07-14 18:01:03.680  INFO 12632 --- [main] o.s.cloud.context.scope.GenericScope     : BeanFactory id=0b22bfeb-7283-32ef-9151-a190e79c3b59
2021-07-14 18:01:04.111  INFO 12632 --- [main] o.s.b.w.embedded.tomcat.TomcatWebServer  : Tomcat initialized with port(s): 8888 (http)
2021-07-14 18:01:04.127  INFO 12632 --- [main] o.a.coyote.http11.Http11NioProtocol      : Initializing ProtocolHandler ["http-nio-8888"]
2021-07-14 18:01:04.128  INFO 12632 --- [main] o.apache.catalina.core.StandardService   : Starting service [Tomcat]
2021-07-14 18:01:04.128  INFO 12632 --- [main] org.apache.catalina.core.StandardEngine  : Starting Servlet engine: [Apache Tomcat/9.0.48]
2021-07-14 18:01:04.243  INFO 12632 --- [main] o.a.c.c.C.[Tomcat].[localhost].[/]       : Initializing Spring embedded WebApplicationContext
2021-07-14 18:01:04.243  INFO 12632 --- [main] w.s.c.ServletWebServerApplicationContext : Root WebApplicationContext: initialization completed in 1628 ms
2021-07-14 18:01:07.311  INFO 12632 --- [main] o.s.cloud.commons.util.InetUtils         : Cannot determine local hostname
2021-07-14 18:01:07.398  INFO 12632 --- [main] o.s.b.a.e.web.EndpointLinksResolver      : Exposing 1 endpoint(s) beneath base path '/actuator'
2021-07-14 18:01:07.452  INFO 12632 --- [main] o.a.coyote.http11.Http11NioProtocol      : Starting ProtocolHandler ["http-nio-8888"]
2021-07-14 18:01:07.480  INFO 12632 --- [main] o.s.b.w.embedded.tomcat.TomcatWebServer  : Tomcat started on port(s): 8888 (http) with context path ''
2021-07-14 18:01:08.321  INFO 12632 --- [RMI TCP Connection(3)-127.0.0.1] o.a.c.c.C.[Tomcat].[localhost].[/]       : Initializing Spring DispatcherServlet 'dispatcherServlet'
2021-07-14 18:01:08.322  INFO 12632 --- [RMI TCP Connection(3)-127.0.0.1] o.s.web.servlet.DispatcherServlet        : Initializing Servlet 'dispatcherServlet'
2021-07-14 18:01:08.324  INFO 12632 --- [RMI TCP Connection(3)-127.0.0.1] o.s.web.servlet.DispatcherServlet        : Completed initialization in 2 ms
2021-07-14 18:01:09.529  INFO 12632 --- [main] o.s.cloud.commons.util.InetUtils         : Cannot determine local hostname
2021-07-14 18:01:09.534  INFO 12632 --- [main] ms.wacr.com.ConfigServerApplication      : Started ConfigServerApplication in 9.381 seconds (JVM running for 11.245)
2021-07-14 18:01:47.199  INFO 12632 --- [http-nio-8888-exec-2] .c.s.e.MultipleJGitEnvironmentRepository : Cannot pull from remote null, the working tree is not clean.
2021-07-14 18:01:47.286  WARN 12632 --- [http-nio-8888-exec-2] .c.s.e.MultipleJGitEnvironmentRepository : Could not merge remote for master remote: null
2021-07-14 18:01:47.292  WARN 12632 --- [http-nio-8888-exec-2] .c.s.e.MultipleJGitEnvironmentRepository : The local repository is dirty or ahead of origin. Resetting it to origin/master.
2021-07-14 18:01:47.301  WARN 12632 --- [http-nio-8888-exec-2] .c.s.e.MultipleJGitEnvironmentRepository : Could not reset to remote for master (current ref=refs/remotes/origin/master), remote: null
2021-07-14 18:01:47.340  INFO 12632 --- [http-nio-8888-exec-2] o.s.c.c.s.e.NativeEnvironmentRepository  : Adding property source: Config resource 'file [c:\Users\wcabrerr\WorkSpace\Microservices\enmilocalfunciona\ConfigServeRepo\sadr-service.yml]' via location 'file:/c:/Users/wcabrerr/WorkSpace/Microservices/enmilocalfunciona/ConfigServeRepo/'
2021-07-14 18:02:27.608  INFO 12632 --- [http-nio-8888-exec-4] .c.s.e.MultipleJGitEnvironmentRepository : Cannot pull from remote null, the working tree is not clean.
2021-07-14 18:02:27.629  WARN 12632 --- [http-nio-8888-exec-4] .c.s.e.MultipleJGitEnvironmentRepository : Could not merge remote for master remote: null
2021-07-14 18:02:27.633  WARN 12632 --- [http-nio-8888-exec-4] .c.s.e.MultipleJGitEnvironmentRepository : The local repository is dirty or ahead of origin. Resetting it to origin/master.
2021-07-14 18:02:27.634  WARN 12632 --- [http-nio-8888-exec-4] .c.s.e.MultipleJGitEnvironmentRepository : Could not reset to remote for master (current ref=refs/remotes/origin/master), remote: null
2021-07-14 18:02:27.645  INFO 12632 --- [http-nio-8888-exec-4] o.s.c.c.s.e.NativeEnvironmentRepository  : Adding property source: Config resource 'file [c:\Users\wcabrerr\WorkSpace\Microservices\enmilocalfunciona\ConfigServeRepo\sadr-service.yml]' via location 'file:/c:/Users/wcabrerr/WorkSpace/Microservices/enmilocalfunciona/ConfigServeRepo/'
2021-07-14 18:04:32.289  INFO 12632 --- [http-nio-8888-exec-6] .c.s.e.MultipleJGitEnvironmentRepository : Cannot pull from remote null, the working tree is not clean.
2021-07-14 18:04:32.334  WARN 12632 --- [http-nio-8888-exec-6] .c.s.e.MultipleJGitEnvironmentRepository : Could not merge remote for master remote: null
2021-07-14 18:04:32.338  WARN 12632 --- [http-nio-8888-exec-6] .c.s.e.MultipleJGitEnvironmentRepository : The local repository is dirty or ahead of origin. Resetting it to origin/master.
2021-07-14 18:04:32.340  WARN 12632 --- [http-nio-8888-exec-6] .c.s.e.MultipleJGitEnvironmentRepository : Could not reset to remote for master (current ref=refs/remotes/origin/master), remote: null
2021-07-14 18:04:32.349  INFO 12632 --- [http-nio-8888-exec-6] o.s.c.c.s.e.NativeEnvironmentRepository  : Adding property source: Config resource 'file [c:\Users\wcabrerr\WorkSpace\Microservices\enmilocalfunciona\ConfigServeRepo\sadr-service.yml]' via location 'file:/c:/Users/wcabrerr/WorkSpace/Microservices/enmilocalfunciona/ConfigServeRepo/'
2021-07-14 18:05:52.085  INFO 12632 --- [http-nio-8888-exec-1] .c.s.e.MultipleJGitEnvironmentRepository : Cannot pull from remote null, the working tree is not clean.
2021-07-14 18:05:52.104  WARN 12632 --- [http-nio-8888-exec-1] .c.s.e.MultipleJGitEnvironmentRepository : Could not merge remote for master remote: null
2021-07-14 18:05:52.108  WARN 12632 --- [http-nio-8888-exec-1] .c.s.e.MultipleJGitEnvironmentRepository : The local repository is dirty or ahead of origin. Resetting it to origin/master.
2021-07-14 18:05:52.110  WARN 12632 --- [http-nio-8888-exec-1] .c.s.e.MultipleJGitEnvironmentRepository : Could not reset to remote for master (current ref=refs/remotes/origin/master), remote: null
2021-07-14 18:05:52.127  INFO 12632 --- [http-nio-8888-exec-1] o.s.c.c.s.e.NativeEnvironmentRepository  : Adding property source: Config resource 'file [c:\Users\wcabrerr\WorkSpace\Microservices\enmilocalfunciona\ConfigServeRepo\service-one.properties]' via location 'file:/c:/Users/wcabrerr/WorkSpace/Microservices/enmilocalfunciona/ConfigServeRepo/'
2021-07-14 18:07:54.090  INFO 12632 --- [http-nio-8888-exec-5] .c.s.e.MultipleJGitEnvironmentRepository : Cannot pull from remote null, the working tree is not clean.
2021-07-14 18:07:54.135  WARN 12632 --- [http-nio-8888-exec-5] .c.s.e.MultipleJGitEnvironmentRepository : Could not merge remote for master remote: null
2021-07-14 18:07:54.139  WARN 12632 --- [http-nio-8888-exec-5] .c.s.e.MultipleJGitEnvironmentRepository : The local repository is dirty or ahead of origin. Resetting it to origin/master.
2021-07-14 18:07:54.141  WARN 12632 --- [http-nio-8888-exec-5] .c.s.e.MultipleJGitEnvironmentRepository : Could not reset to remote for master (current ref=refs/remotes/origin/master), remote: null
2021-07-14 18:07:54.151  INFO 12632 --- [http-nio-8888-exec-5] o.s.c.c.s.e.NativeEnvironmentRepository  : Adding property source: Config resource 'file [c:\Users\wcabrerr\WorkSpace\Microservices\enmilocalfunciona\ConfigServeRepo\sadr-service.yml]' via location 'file:/c:/Users/wcabrerr/WorkSpace/Microservices/enmilocalfunciona/ConfigServeRepo/'
2021-07-14 18:08:03.245  INFO 12632 --- [http-nio-8888-exec-8] .c.s.e.MultipleJGitEnvironmentRepository : Cannot pull from remote null, the working tree is not clean.
2021-07-14 18:08:03.264  WARN 12632 --- [http-nio-8888-exec-8] .c.s.e.MultipleJGitEnvironmentRepository : Could not merge remote for master remote: null
2021-07-14 18:08:03.267  WARN 12632 --- [http-nio-8888-exec-8] .c.s.e.MultipleJGitEnvironmentRepository : The local repository is dirty or ahead of origin. Resetting it to origin/master.
2021-07-14 18:08:03.269  WARN 12632 --- [http-nio-8888-exec-8] .c.s.e.MultipleJGitEnvironmentRepository : Could not reset to remote for master (current ref=refs/remotes/origin/master), remote: null
2021-07-14 18:08:03.281  INFO 12632 --- [http-nio-8888-exec-8] o.s.c.c.s.e.NativeEnvironmentRepository  : Adding property source: Config resource 'file [c:\Users\wcabrerr\WorkSpace\Microservices\enmilocalfunciona\ConfigServeRepo\sadr-service.yml]' via location 'file:/c:/Users/wcabrerr/WorkSpace/Microservices/enmilocalfunciona/ConfigServeRepo/'
2021-07-14 18:32:46.558  INFO 12632 --- [http-nio-8888-exec-10] .c.s.e.MultipleJGitEnvironmentRepository : Cannot pull from remote null, the working tree is not clean.
2021-07-14 18:32:46.578  WARN 12632 --- [http-nio-8888-exec-10] .c.s.e.MultipleJGitEnvironmentRepository : Could not merge remote for master remote: null
2021-07-14 18:32:46.582  WARN 12632 --- [http-nio-8888-exec-10] .c.s.e.MultipleJGitEnvironmentRepository : The local repository is dirty or ahead of origin. Resetting it to origin/master.
2021-07-14 18:32:46.584  WARN 12632 --- [http-nio-8888-exec-10] .c.s.e.MultipleJGitEnvironmentRepository : Could not reset to remote for master (current ref=refs/remotes/origin/master), remote: null
2021-07-14 18:32:46.596  INFO 12632 --- [http-nio-8888-exec-10] o.s.c.c.s.e.NativeEnvironmentRepository  : Adding property source: Config resource 'file [c:\Users\wcabrerr\WorkSpace\Microservices\enmilocalfunciona\ConfigServeRepo\sadr-service.yml]' via location 'file:/c:/Users/wcabrerr/WorkSpace/Microservices/enmilocalfunciona/ConfigServeRepo/'
2021-07-14 18:34:07.955  INFO 12632 --- [RMI TCP Connection(42)-127.0.0.1] inMXBeanRegistrar$SpringApplicationAdmin : Application shutdown requested.
2021-07-14 18:34:19.491  INFO 10800 --- [background-preinit] o.h.validator.internal.util.Version      : HV000001: Hibernate Validator 6.2.0.Final
2021-07-14 18:34:19.509  INFO 10800 --- [main] ms.wacr.com.ConfigServerApplication      : Starting ConfigServerApplication using Java 1.8.0_292 on LIM-3LPR8S2 with PID 10800 (C:\Users\wcabrerr\WorkSpace\Microservices\enmilocalfunciona\configServer\target\classes started by wcabrerr in C:\Users\wcabrerr\WorkSpace\Microservices\enmilocalfunciona\configServer)
2021-07-14 18:34:19.510  INFO 10800 --- [main] ms.wacr.com.ConfigServerApplication      : No active profile set, falling back to default profiles: default
2021-07-14 18:34:21.229  INFO 10800 --- [main] o.s.cloud.context.scope.GenericScope     : BeanFactory id=0b22bfeb-7283-32ef-9151-a190e79c3b59
2021-07-14 18:34:21.837  INFO 10800 --- [main] o.s.b.w.embedded.tomcat.TomcatWebServer  : Tomcat initialized with port(s): 8888 (http)
2021-07-14 18:34:21.872  INFO 10800 --- [main] o.a.coyote.http11.Http11NioProtocol      : Initializing ProtocolHandler ["http-nio-8888"]
2021-07-14 18:34:21.873  INFO 10800 --- [main] o.apache.catalina.core.StandardService   : Starting service [Tomcat]
2021-07-14 18:34:21.873  INFO 10800 --- [main] org.apache.catalina.core.StandardEngine  : Starting Servlet engine: [Apache Tomcat/9.0.48]
2021-07-14 18:34:22.002  INFO 10800 --- [main] o.a.c.c.C.[Tomcat].[localhost].[/]       : Initializing Spring embedded WebApplicationContext
2021-07-14 18:34:22.002  INFO 10800 --- [main] w.s.c.ServletWebServerApplicationContext : Root WebApplicationContext: initialization completed in 2444 ms
2021-07-14 18:34:25.045  INFO 10800 --- [main] o.s.cloud.commons.util.InetUtils         : Cannot determine local hostname
2021-07-14 18:34:25.132  INFO 10800 --- [main] o.s.b.a.e.web.EndpointLinksResolver      : Exposing 1 endpoint(s) beneath base path '/actuator'
2021-07-14 18:34:25.187  INFO 10800 --- [main] o.a.coyote.http11.Http11NioProtocol      : Starting ProtocolHandler ["http-nio-8888"]
2021-07-14 18:34:25.271  INFO 10800 --- [main] o.s.b.w.embedded.tomcat.TomcatWebServer  : Tomcat started on port(s): 8888 (http) with context path ''
2021-07-14 18:34:26.170  INFO 10800 --- [RMI TCP Connection(3)-127.0.0.1] o.a.c.c.C.[Tomcat].[localhost].[/]       : Initializing Spring DispatcherServlet 'dispatcherServlet'
2021-07-14 18:34:26.171  INFO 10800 --- [RMI TCP Connection(3)-127.0.0.1] o.s.web.servlet.DispatcherServlet        : Initializing Servlet 'dispatcherServlet'
2021-07-14 18:34:26.172  INFO 10800 --- [RMI TCP Connection(3)-127.0.0.1] o.s.web.servlet.DispatcherServlet        : Completed initialization in 1 ms
2021-07-14 18:34:27.248  INFO 10800 --- [main] o.s.cloud.commons.util.InetUtils         : Cannot determine local hostname
2021-07-14 18:34:27.259  INFO 10800 --- [main] ms.wacr.com.ConfigServerApplication      : Started ConfigServerApplication in 10.321 seconds (JVM running for 12.114)
2021-07-14 18:35:00.681  INFO 10800 --- [RMI TCP Connection(10)-127.0.0.1] inMXBeanRegistrar$SpringApplicationAdmin : Application shutdown requested.
2021-07-14 18:38:16.905  INFO 19168 --- [background-preinit] o.h.validator.internal.util.Version      : HV000001: Hibernate Validator 6.2.0.Final
2021-07-14 18:38:16.918  INFO 19168 --- [main] ms.wacr.com.ConfigServerApplication      : Starting ConfigServerApplication using Java 1.8.0_292 on LIM-3LPR8S2 with PID 19168 (C:\Users\wcabrerr\WorkSpace\Microservices\enmilocalfunciona\configServer\target\classes started by wcabrerr in C:\Users\wcabrerr\WorkSpace\Microservices\enmilocalfunciona\configServer)
2021-07-14 18:38:16.919  INFO 19168 --- [main] ms.wacr.com.ConfigServerApplication      : No active profile set, falling back to default profiles: default
2021-07-14 18:38:17.932  INFO 19168 --- [main] o.s.cloud.context.scope.GenericScope     : BeanFactory id=0b22bfeb-7283-32ef-9151-a190e79c3b59
2021-07-14 18:38:18.265  INFO 19168 --- [main] o.s.b.w.embedded.tomcat.TomcatWebServer  : Tomcat initialized with port(s): 8888 (http)
2021-07-14 18:38:18.275  INFO 19168 --- [main] o.a.coyote.http11.Http11NioProtocol      : Initializing ProtocolHandler ["http-nio-8888"]
2021-07-14 18:38:18.276  INFO 19168 --- [main] o.apache.catalina.core.StandardService   : Starting service [Tomcat]
2021-07-14 18:38:18.276  INFO 19168 --- [main] org.apache.catalina.core.StandardEngine  : Starting Servlet engine: [Apache Tomcat/9.0.48]
2021-07-14 18:38:18.381  INFO 19168 --- [main] o.a.c.c.C.[Tomcat].[localhost].[/]       : Initializing Spring embedded WebApplicationContext
2021-07-14 18:38:18.381  INFO 19168 --- [main] w.s.c.ServletWebServerApplicationContext : Root WebApplicationContext: initialization completed in 1422 ms
2021-07-14 18:38:21.156  INFO 19168 --- [main] o.s.cloud.commons.util.InetUtils         : Cannot determine local hostname
2021-07-14 18:38:21.233  INFO 19168 --- [main] o.s.b.a.e.web.EndpointLinksResolver      : Exposing 1 endpoint(s) beneath base path '/actuator'
2021-07-14 18:38:21.288  INFO 19168 --- [main] o.a.coyote.http11.Http11NioProtocol      : Starting ProtocolHandler ["http-nio-8888"]
2021-07-14 18:38:21.310  INFO 19168 --- [main] o.s.b.w.embedded.tomcat.TomcatWebServer  : Tomcat started on port(s): 8888 (http) with context path ''
2021-07-14 18:38:23.236  INFO 19168 --- [main] o.s.cloud.commons.util.InetUtils         : Cannot determine local hostname
2021-07-14 18:38:23.262  INFO 19168 --- [main] ms.wacr.com.ConfigServerApplication      : Started ConfigServerApplication in 8.716 seconds (JVM running for 10.289)
2021-07-14 18:38:52.253  INFO 19168 --- [http-nio-8888-exec-1] o.a.c.c.C.[Tomcat].[localhost].[/]       : Initializing Spring DispatcherServlet 'dispatcherServlet'
2021-07-14 18:38:52.253  INFO 19168 --- [http-nio-8888-exec-1] o.s.web.servlet.DispatcherServlet        : Initializing Servlet 'dispatcherServlet'
2021-07-14 18:38:52.255  INFO 19168 --- [http-nio-8888-exec-1] o.s.web.servlet.DispatcherServlet        : Completed initialization in 1 ms
2021-07-14 18:38:56.225  INFO 19168 --- [http-nio-8888-exec-1] .c.s.e.MultipleJGitEnvironmentRepository : Cannot pull from remote null, the working tree is not clean.
2021-07-14 18:38:56.311  WARN 19168 --- [http-nio-8888-exec-1] .c.s.e.MultipleJGitEnvironmentRepository : Could not merge remote for master remote: null
2021-07-14 18:38:56.316  WARN 19168 --- [http-nio-8888-exec-1] .c.s.e.MultipleJGitEnvironmentRepository : The local repository is dirty or ahead of origin. Resetting it to origin/master.
2021-07-14 18:38:56.325  WARN 19168 --- [http-nio-8888-exec-1] .c.s.e.MultipleJGitEnvironmentRepository : Could not reset to remote for master (current ref=refs/remotes/origin/master), remote: null
2021-07-14 18:38:56.347  INFO 19168 --- [http-nio-8888-exec-1] o.s.c.c.s.e.NativeEnvironmentRepository  : Adding property source: Config resource 'file [c:\Users\wcabrerr\WorkSpace\Microservices\enmilocalfunciona\ConfigServeRepo\service-one.properties]' via location 'file:/c:/Users/wcabrerr/WorkSpace/Microservices/enmilocalfunciona/ConfigServeRepo/'
2021-07-14 18:40:33.981  INFO 19168 --- [http-nio-8888-exec-3] .c.s.e.MultipleJGitEnvironmentRepository : Cannot pull from remote null, the working tree is not clean.
2021-07-14 18:40:34.003  WARN 19168 --- [http-nio-8888-exec-3] .c.s.e.MultipleJGitEnvironmentRepository : Could not merge remote for master remote: null
2021-07-14 18:40:34.006  WARN 19168 --- [http-nio-8888-exec-3] .c.s.e.MultipleJGitEnvironmentRepository : The local repository is dirty or ahead of origin. Resetting it to origin/master.
2021-07-14 18:40:34.008  WARN 19168 --- [http-nio-8888-exec-3] .c.s.e.MultipleJGitEnvironmentRepository : Could not reset to remote for master (current ref=refs/remotes/origin/master), remote: null
2021-07-14 18:40:34.022  INFO 19168 --- [http-nio-8888-exec-3] o.s.c.c.s.e.NativeEnvironmentRepository  : Adding property source: Config resource 'file [c:\Users\wcabrerr\WorkSpace\Microservices\enmilocalfunciona\ConfigServeRepo\sadr-service.yml]' via location 'file:/c:/Users/wcabrerr/WorkSpace/Microservices/enmilocalfunciona/ConfigServeRepo/'
2021-07-14 19:37:28.533  INFO 19168 --- [RMI TCP Connection(66)-127.0.0.1] inMXBeanRegistrar$SpringApplicationAdmin : Application shutdown requested.
