2021-07-22 09:13:26.460  INFO 9364 --- [RMI TCP Connection(793)-127.0.0.1] inMXBeanRegistrar$SpringApplicationAdmin : Application shutdown requested.
2021-07-22 13:33:23.776  INFO 4840 --- [main] ms.wacr.com.ConfigServerApplication      : Starting ConfigServerApplication using Java 1.8.0_292 on LIM-3LPR8S2 with PID 4840 (C:\Users\wcabrerr\WorkSpace\Microservices\enmilocalfunciona\configServer\target\classes started by wcabrerr in C:\Users\wcabrerr\WorkSpace\Microservices\enmilocalfunciona\configServer)
2021-07-22 13:33:23.770  INFO 4840 --- [background-preinit] o.h.validator.internal.util.Version      : HV000001: Hibernate Validator 6.2.0.Final
2021-07-22 13:33:23.788  INFO 4840 --- [main] ms.wacr.com.ConfigServerApplication      : No active profile set, falling back to default profiles: default
2021-07-22 13:33:26.157  INFO 4840 --- [main] o.s.cloud.context.scope.GenericScope     : BeanFactory id=0b22bfeb-7283-32ef-9151-a190e79c3b59
2021-07-22 13:33:26.860  INFO 4840 --- [main] o.s.b.w.embedded.tomcat.TomcatWebServer  : Tomcat initialized with port(s): 8888 (http)
2021-07-22 13:33:26.875  INFO 4840 --- [main] o.a.coyote.http11.Http11NioProtocol      : Initializing ProtocolHandler ["http-nio-8888"]
2021-07-22 13:33:26.876  INFO 4840 --- [main] o.apache.catalina.core.StandardService   : Starting service [Tomcat]
2021-07-22 13:33:26.876  INFO 4840 --- [main] org.apache.catalina.core.StandardEngine  : Starting Servlet engine: [Apache Tomcat/9.0.48]
2021-07-22 13:33:27.012  INFO 4840 --- [main] o.a.c.c.C.[Tomcat].[localhost].[/]       : Initializing Spring embedded WebApplicationContext
2021-07-22 13:33:27.013  INFO 4840 --- [main] w.s.c.ServletWebServerApplicationContext : Root WebApplicationContext: initialization completed in 3173 ms
2021-07-22 13:33:30.406  INFO 4840 --- [main] o.s.cloud.commons.util.InetUtils         : Cannot determine local hostname
2021-07-22 13:33:30.619  INFO 4840 --- [main] o.s.b.a.e.web.EndpointLinksResolver      : Exposing 1 endpoint(s) beneath base path '/actuator'
2021-07-22 13:33:30.674  INFO 4840 --- [main] o.a.coyote.http11.Http11NioProtocol      : Starting ProtocolHandler ["http-nio-8888"]
2021-07-22 13:33:30.764  INFO 4840 --- [main] o.s.b.w.embedded.tomcat.TomcatWebServer  : Tomcat started on port(s): 8888 (http) with context path ''
2021-07-22 13:33:31.027  INFO 4840 --- [RMI TCP Connection(3)-127.0.0.1] o.a.c.c.C.[Tomcat].[localhost].[/]       : Initializing Spring DispatcherServlet 'dispatcherServlet'
2021-07-22 13:33:31.027  INFO 4840 --- [RMI TCP Connection(3)-127.0.0.1] o.s.web.servlet.DispatcherServlet        : Initializing Servlet 'dispatcherServlet'
2021-07-22 13:33:31.029  INFO 4840 --- [RMI TCP Connection(3)-127.0.0.1] o.s.web.servlet.DispatcherServlet        : Completed initialization in 2 ms
2021-07-22 13:33:32.760  INFO 4840 --- [main] o.s.cloud.commons.util.InetUtils         : Cannot determine local hostname
2021-07-22 13:33:32.766  INFO 4840 --- [main] ms.wacr.com.ConfigServerApplication      : Started ConfigServerApplication in 11.597 seconds (JVM running for 13.584)
2021-07-22 13:34:42.926  INFO 4840 --- [http-nio-8888-exec-1] .c.s.e.MultipleJGitEnvironmentRepository : Cannot pull from remote null, the working tree is not clean.
2021-07-22 13:34:43.041  WARN 4840 --- [http-nio-8888-exec-1] .c.s.e.MultipleJGitEnvironmentRepository : Could not merge remote for master remote: null
2021-07-22 13:34:43.048  WARN 4840 --- [http-nio-8888-exec-1] .c.s.e.MultipleJGitEnvironmentRepository : The local repository is dirty or ahead of origin. Resetting it to origin/master.
2021-07-22 13:34:43.058  WARN 4840 --- [http-nio-8888-exec-1] .c.s.e.MultipleJGitEnvironmentRepository : Could not reset to remote for master (current ref=refs/remotes/origin/master), remote: null
2021-07-22 13:34:43.085  INFO 4840 --- [http-nio-8888-exec-1] o.s.c.c.s.e.NativeEnvironmentRepository  : Adding property source: Config resource 'file [c:\Users\wcabrerr\WorkSpace\Microservices\enmilocalfunciona\ConfigServeRepo\microservice-one.properties]' via location 'file:/c:/Users/wcabrerr/WorkSpace/Microservices/enmilocalfunciona/ConfigServeRepo/'
2021-07-22 13:35:02.347  INFO 4840 --- [http-nio-8888-exec-3] .c.s.e.MultipleJGitEnvironmentRepository : Cannot pull from remote null, the working tree is not clean.
2021-07-22 13:35:02.372  WARN 4840 --- [http-nio-8888-exec-3] .c.s.e.MultipleJGitEnvironmentRepository : Could not merge remote for master remote: null
2021-07-22 13:35:02.376  WARN 4840 --- [http-nio-8888-exec-3] .c.s.e.MultipleJGitEnvironmentRepository : The local repository is dirty or ahead of origin. Resetting it to origin/master.
2021-07-22 13:35:02.378  WARN 4840 --- [http-nio-8888-exec-3] .c.s.e.MultipleJGitEnvironmentRepository : Could not reset to remote for master (current ref=refs/remotes/origin/master), remote: null
2021-07-22 13:35:12.905  INFO 4840 --- [http-nio-8888-exec-4] .c.s.e.MultipleJGitEnvironmentRepository : Cannot pull from remote null, the working tree is not clean.
2021-07-22 13:35:12.956  WARN 4840 --- [http-nio-8888-exec-4] .c.s.e.MultipleJGitEnvironmentRepository : Could not merge remote for master remote: null
2021-07-22 13:35:12.961  WARN 4840 --- [http-nio-8888-exec-4] .c.s.e.MultipleJGitEnvironmentRepository : The local repository is dirty or ahead of origin. Resetting it to origin/master.
2021-07-22 13:35:12.963  WARN 4840 --- [http-nio-8888-exec-4] .c.s.e.MultipleJGitEnvironmentRepository : Could not reset to remote for master (current ref=refs/remotes/origin/master), remote: null
2021-07-22 13:35:12.977  INFO 4840 --- [http-nio-8888-exec-4] o.s.c.c.s.e.NativeEnvironmentRepository  : Adding property source: Config resource 'file [c:\Users\wcabrerr\WorkSpace\Microservices\enmilocalfunciona\ConfigServeRepo\deneb-service.yml]' via location 'file:/c:/Users/wcabrerr/WorkSpace/Microservices/enmilocalfunciona/ConfigServeRepo/'
2021-07-22 13:37:29.270  INFO 4840 --- [http-nio-8888-exec-7] .c.s.e.MultipleJGitEnvironmentRepository : Cannot pull from remote null, the working tree is not clean.
2021-07-22 13:37:29.291  WARN 4840 --- [http-nio-8888-exec-7] .c.s.e.MultipleJGitEnvironmentRepository : Could not merge remote for master remote: null
2021-07-22 13:37:29.295  WARN 4840 --- [http-nio-8888-exec-7] .c.s.e.MultipleJGitEnvironmentRepository : The local repository is dirty or ahead of origin. Resetting it to origin/master.
2021-07-22 13:37:29.297  WARN 4840 --- [http-nio-8888-exec-7] .c.s.e.MultipleJGitEnvironmentRepository : Could not reset to remote for master (current ref=refs/remotes/origin/master), remote: null
2021-07-22 13:37:29.782  INFO 4840 --- [http-nio-8888-exec-8] .c.s.e.MultipleJGitEnvironmentRepository : Cannot pull from remote null, the working tree is not clean.
2021-07-22 13:37:29.803  WARN 4840 --- [http-nio-8888-exec-8] .c.s.e.MultipleJGitEnvironmentRepository : Could not merge remote for master remote: null
2021-07-22 13:37:29.807  WARN 4840 --- [http-nio-8888-exec-8] .c.s.e.MultipleJGitEnvironmentRepository : The local repository is dirty or ahead of origin. Resetting it to origin/master.
2021-07-22 13:37:29.809  WARN 4840 --- [http-nio-8888-exec-8] .c.s.e.MultipleJGitEnvironmentRepository : Could not reset to remote for master (current ref=refs/remotes/origin/master), remote: null
2021-07-22 13:38:47.805  INFO 4840 --- [http-nio-8888-exec-1] .c.s.e.MultipleJGitEnvironmentRepository : Cannot pull from remote null, the working tree is not clean.
2021-07-22 13:38:47.823  WARN 4840 --- [http-nio-8888-exec-1] .c.s.e.MultipleJGitEnvironmentRepository : Could not merge remote for master remote: null
2021-07-22 13:38:47.827  WARN 4840 --- [http-nio-8888-exec-1] .c.s.e.MultipleJGitEnvironmentRepository : The local repository is dirty or ahead of origin. Resetting it to origin/master.
2021-07-22 13:38:47.829  WARN 4840 --- [http-nio-8888-exec-1] .c.s.e.MultipleJGitEnvironmentRepository : Could not reset to remote for master (current ref=refs/remotes/origin/master), remote: null
2021-07-22 13:38:53.515  INFO 4840 --- [http-nio-8888-exec-2] .c.s.e.MultipleJGitEnvironmentRepository : Cannot pull from remote null, the working tree is not clean.
2021-07-22 13:38:53.536  WARN 4840 --- [http-nio-8888-exec-2] .c.s.e.MultipleJGitEnvironmentRepository : Could not merge remote for master remote: null
2021-07-22 13:38:53.540  WARN 4840 --- [http-nio-8888-exec-2] .c.s.e.MultipleJGitEnvironmentRepository : The local repository is dirty or ahead of origin. Resetting it to origin/master.
2021-07-22 13:38:53.542  WARN 4840 --- [http-nio-8888-exec-2] .c.s.e.MultipleJGitEnvironmentRepository : Could not reset to remote for master (current ref=refs/remotes/origin/master), remote: null
2021-07-22 13:41:32.750  INFO 4840 --- [http-nio-8888-exec-4] .c.s.e.MultipleJGitEnvironmentRepository : Cannot pull from remote null, the working tree is not clean.
2021-07-22 13:41:32.767  WARN 4840 --- [http-nio-8888-exec-4] .c.s.e.MultipleJGitEnvironmentRepository : Could not merge remote for master remote: null
2021-07-22 13:41:32.771  WARN 4840 --- [http-nio-8888-exec-4] .c.s.e.MultipleJGitEnvironmentRepository : The local repository is dirty or ahead of origin. Resetting it to origin/master.
2021-07-22 13:41:32.773  WARN 4840 --- [http-nio-8888-exec-4] .c.s.e.MultipleJGitEnvironmentRepository : Could not reset to remote for master (current ref=refs/remotes/origin/master), remote: null
2021-07-22 13:41:32.782  INFO 4840 --- [http-nio-8888-exec-4] o.s.c.c.s.e.NativeEnvironmentRepository  : Adding property source: Config resource 'file [c:\Users\wcabrerr\WorkSpace\Microservices\enmilocalfunciona\ConfigServeRepo\deneb-service.yml]' via location 'file:/c:/Users/wcabrerr/WorkSpace/Microservices/enmilocalfunciona/ConfigServeRepo/'
2021-07-22 13:41:53.077  INFO 4840 --- [http-nio-8888-exec-5] .c.s.e.MultipleJGitEnvironmentRepository : Cannot pull from remote null, the working tree is not clean.
2021-07-22 13:41:53.094  WARN 4840 --- [http-nio-8888-exec-5] .c.s.e.MultipleJGitEnvironmentRepository : Could not merge remote for master remote: null
2021-07-22 13:41:53.098  WARN 4840 --- [http-nio-8888-exec-5] .c.s.e.MultipleJGitEnvironmentRepository : The local repository is dirty or ahead of origin. Resetting it to origin/master.
2021-07-22 13:41:53.100  WARN 4840 --- [http-nio-8888-exec-5] .c.s.e.MultipleJGitEnvironmentRepository : Could not reset to remote for master (current ref=refs/remotes/origin/master), remote: null
2021-07-22 13:41:53.108  INFO 4840 --- [http-nio-8888-exec-5] o.s.c.c.s.e.NativeEnvironmentRepository  : Adding property source: Config resource 'file [c:\Users\wcabrerr\WorkSpace\Microservices\enmilocalfunciona\ConfigServeRepo\deneb-service.yml]' via location 'file:/c:/Users/wcabrerr/WorkSpace/Microservices/enmilocalfunciona/ConfigServeRepo/'
2021-07-22 13:43:24.250  INFO 4840 --- [http-nio-8888-exec-8] .c.s.e.MultipleJGitEnvironmentRepository : Cannot pull from remote null, the working tree is not clean.
2021-07-22 13:43:24.267  WARN 4840 --- [http-nio-8888-exec-8] .c.s.e.MultipleJGitEnvironmentRepository : Could not merge remote for master remote: null
2021-07-22 13:43:24.271  WARN 4840 --- [http-nio-8888-exec-8] .c.s.e.MultipleJGitEnvironmentRepository : The local repository is dirty or ahead of origin. Resetting it to origin/master.
2021-07-22 13:43:24.273  WARN 4840 --- [http-nio-8888-exec-8] .c.s.e.MultipleJGitEnvironmentRepository : Could not reset to remote for master (current ref=refs/remotes/origin/master), remote: null
2021-07-22 13:43:24.281  INFO 4840 --- [http-nio-8888-exec-8] o.s.c.c.s.e.NativeEnvironmentRepository  : Adding property source: Config resource 'file [c:\Users\wcabrerr\WorkSpace\Microservices\enmilocalfunciona\ConfigServeRepo\sadr-service.yml]' via location 'file:/c:/Users/wcabrerr/WorkSpace/Microservices/enmilocalfunciona/ConfigServeRepo/'
2021-07-22 13:48:55.312  INFO 4840 --- [RMI TCP Connection(25)-127.0.0.1] inMXBeanRegistrar$SpringApplicationAdmin : Application shutdown requested.
2021-07-22 13:49:06.828  INFO 15852 --- [background-preinit] o.h.validator.internal.util.Version      : HV000001: Hibernate Validator 6.2.0.Final
2021-07-22 13:49:06.845  INFO 15852 --- [main] ms.wacr.com.ConfigServerApplication      : Starting ConfigServerApplication using Java 1.8.0_292 on LIM-3LPR8S2 with PID 15852 (C:\Users\wcabrerr\WorkSpace\Microservices\enmilocalfunciona\configServer\target\classes started by wcabrerr in C:\Users\wcabrerr\WorkSpace\Microservices\enmilocalfunciona\configServer)
2021-07-22 13:49:06.846  INFO 15852 --- [main] ms.wacr.com.ConfigServerApplication      : No active profile set, falling back to default profiles: default
2021-07-22 13:49:09.005  INFO 15852 --- [main] o.s.cloud.context.scope.GenericScope     : BeanFactory id=0b22bfeb-7283-32ef-9151-a190e79c3b59
2021-07-22 13:49:09.578  INFO 15852 --- [main] o.s.b.w.embedded.tomcat.TomcatWebServer  : Tomcat initialized with port(s): 8888 (http)
2021-07-22 13:49:09.592  INFO 15852 --- [main] o.a.coyote.http11.Http11NioProtocol      : Initializing ProtocolHandler ["http-nio-8888"]
2021-07-22 13:49:09.593  INFO 15852 --- [main] o.apache.catalina.core.StandardService   : Starting service [Tomcat]
2021-07-22 13:49:09.594  INFO 15852 --- [main] org.apache.catalina.core.StandardEngine  : Starting Servlet engine: [Apache Tomcat/9.0.48]
2021-07-22 13:49:09.709  INFO 15852 --- [main] o.a.c.c.C.[Tomcat].[localhost].[/]       : Initializing Spring embedded WebApplicationContext
2021-07-22 13:49:09.709  INFO 15852 --- [main] w.s.c.ServletWebServerApplicationContext : Root WebApplicationContext: initialization completed in 2813 ms
2021-07-22 13:49:12.524  INFO 15852 --- [RMI TCP Connection(3)-127.0.0.1] o.a.c.c.C.[Tomcat].[localhost].[/]       : Initializing Spring DispatcherServlet 'dispatcherServlet'
2021-07-22 13:49:12.525  INFO 15852 --- [RMI TCP Connection(3)-127.0.0.1] o.s.web.servlet.DispatcherServlet        : Initializing Servlet 'dispatcherServlet'
2021-07-22 13:49:12.718  INFO 15852 --- [main] o.s.cloud.commons.util.InetUtils         : Cannot determine local hostname
2021-07-22 13:49:12.730  INFO 15852 --- [RMI TCP Connection(3)-127.0.0.1] o.s.b.a.e.web.EndpointLinksResolver      : Exposing 1 endpoint(s) beneath base path '/actuator'
2021-07-22 13:49:12.742  INFO 15852 --- [RMI TCP Connection(3)-127.0.0.1] o.s.web.servlet.DispatcherServlet        : Completed initialization in 217 ms
2021-07-22 13:49:12.964  INFO 15852 --- [main] o.a.coyote.http11.Http11NioProtocol      : Starting ProtocolHandler ["http-nio-8888"]
2021-07-22 13:49:13.002  INFO 15852 --- [main] o.s.b.w.embedded.tomcat.TomcatWebServer  : Tomcat started on port(s): 8888 (http) with context path ''
2021-07-22 13:49:14.931  INFO 15852 --- [main] o.s.cloud.commons.util.InetUtils         : Cannot determine local hostname
2021-07-22 13:49:14.936  INFO 15852 --- [main] ms.wacr.com.ConfigServerApplication      : Started ConfigServerApplication in 10.846 seconds (JVM running for 12.861)
2021-07-22 13:56:59.985  INFO 15852 --- [http-nio-8888-exec-1] .c.s.e.MultipleJGitEnvironmentRepository : Cannot pull from remote null, the working tree is not clean.
2021-07-22 13:57:00.131  WARN 15852 --- [http-nio-8888-exec-1] .c.s.e.MultipleJGitEnvironmentRepository : Could not merge remote for master remote: null
2021-07-22 13:57:00.141  WARN 15852 --- [http-nio-8888-exec-1] .c.s.e.MultipleJGitEnvironmentRepository : The local repository is dirty or ahead of origin. Resetting it to origin/master.
2021-07-22 13:57:00.152  WARN 15852 --- [http-nio-8888-exec-1] .c.s.e.MultipleJGitEnvironmentRepository : Could not reset to remote for master (current ref=refs/remotes/origin/master), remote: null
2021-07-22 13:57:00.186  WARN 15852 --- [http-nio-8888-exec-1] o.s.c.c.s.e.EnvironmentController        : Error getting the Environment with name=deneb-service profiles=default label=null includeOrigin=true

org.springframework.cloud.config.server.environment.FailedToConstructEnvironmentException: Could not construct context for config=deneb-service profile=default label= includeOrigin=true; nested exception is while scanning for the next token
found character '@' that cannot start any token. (Do not use @ for indentation)
 in 'reader', line 24, column 22:
            description: @project.description@
                         ^

	at org.springframework.cloud.config.server.environment.NativeEnvironmentRepository.findOne(NativeEnvironmentRepository.java:158)
	at org.springframework.cloud.config.server.environment.AbstractScmEnvironmentRepository.findOne(AbstractScmEnvironmentRepository.java:57)
	at org.springframework.cloud.config.server.environment.MultipleJGitEnvironmentRepository.findOne(MultipleJGitEnvironmentRepository.java:173)
	at org.springframework.cloud.config.server.environment.CompositeEnvironmentRepository.findOne(CompositeEnvironmentRepository.java:64)
	at org.springframework.cloud.config.server.environment.EnvironmentEncryptorEnvironmentRepository.findOne(EnvironmentEncryptorEnvironmentRepository.java:61)
	at org.springframework.cloud.config.server.environment.EnvironmentController.getEnvironment(EnvironmentController.java:131)
	at org.springframework.cloud.config.server.environment.EnvironmentController.defaultLabelIncludeOrigin(EnvironmentController.java:113)
	at sun.reflect.NativeMethodAccessorImpl.invoke0(Native Method)
	at sun.reflect.NativeMethodAccessorImpl.invoke(NativeMethodAccessorImpl.java:62)
	at sun.reflect.DelegatingMethodAccessorImpl.invoke(DelegatingMethodAccessorImpl.java:43)
	at java.lang.reflect.Method.invoke(Method.java:498)
	at org.springframework.util.ReflectionUtils.invokeMethod(ReflectionUtils.java:282)
	at org.springframework.cloud.context.scope.GenericScope$LockedScopedProxyFactoryBean.invoke(GenericScope.java:485)
	at org.springframework.aop.framework.ReflectiveMethodInvocation.proceed(ReflectiveMethodInvocation.java:186)
	at org.springframework.aop.framework.CglibAopProxy$CglibMethodInvocation.proceed(CglibAopProxy.java:750)
	at org.springframework.aop.framework.CglibAopProxy$DynamicAdvisedInterceptor.intercept(CglibAopProxy.java:692)
	at org.springframework.cloud.config.server.environment.EnvironmentController$$EnhancerBySpringCGLIB$$cb1ea7c1.defaultLabelIncludeOrigin(<generated>)
	at sun.reflect.NativeMethodAccessorImpl.invoke0(Native Method)
	at sun.reflect.NativeMethodAccessorImpl.invoke(NativeMethodAccessorImpl.java:62)
	at sun.reflect.DelegatingMethodAccessorImpl.invoke(DelegatingMethodAccessorImpl.java:43)
	at java.lang.reflect.Method.invoke(Method.java:498)
	at org.springframework.web.method.support.InvocableHandlerMethod.doInvoke(InvocableHandlerMethod.java:197)
	at org.springframework.web.method.support.InvocableHandlerMethod.invokeForRequest(InvocableHandlerMethod.java:141)
	at org.springframework.web.servlet.mvc.method.annotation.ServletInvocableHandlerMethod.invokeAndHandle(ServletInvocableHandlerMethod.java:106)
	at org.springframework.web.servlet.mvc.method.annotation.RequestMappingHandlerAdapter.invokeHandlerMethod(RequestMappingHandlerAdapter.java:894)
	at org.springframework.web.servlet.mvc.method.annotation.RequestMappingHandlerAdapter.handleInternal(RequestMappingHandlerAdapter.java:808)
	at org.springframework.web.servlet.mvc.method.AbstractHandlerMethodAdapter.handle(AbstractHandlerMethodAdapter.java:87)
	at org.springframework.web.servlet.DispatcherServlet.doDispatch(DispatcherServlet.java:1063)
	at org.springframework.web.servlet.DispatcherServlet.doService(DispatcherServlet.java:963)
	at org.springframework.web.servlet.FrameworkServlet.processRequest(FrameworkServlet.java:1006)
	at org.springframework.web.servlet.FrameworkServlet.doGet(FrameworkServlet.java:898)
	at javax.servlet.http.HttpServlet.service(HttpServlet.java:655)
	at org.springframework.web.servlet.FrameworkServlet.service(FrameworkServlet.java:883)
	at javax.servlet.http.HttpServlet.service(HttpServlet.java:764)
	at org.apache.catalina.core.ApplicationFilterChain.internalDoFilter(ApplicationFilterChain.java:228)
	at org.apache.catalina.core.ApplicationFilterChain.doFilter(ApplicationFilterChain.java:163)
	at org.apache.tomcat.websocket.server.WsFilter.doFilter(WsFilter.java:53)
	at org.apache.catalina.core.ApplicationFilterChain.internalDoFilter(ApplicationFilterChain.java:190)
	at org.apache.catalina.core.ApplicationFilterChain.doFilter(ApplicationFilterChain.java:163)
	at org.springframework.web.filter.RequestContextFilter.doFilterInternal(RequestContextFilter.java:100)
	at org.springframework.web.filter.OncePerRequestFilter.doFilter(OncePerRequestFilter.java:119)
	at org.apache.catalina.core.ApplicationFilterChain.internalDoFilter(ApplicationFilterChain.java:190)
	at org.apache.catalina.core.ApplicationFilterChain.doFilter(ApplicationFilterChain.java:163)
	at org.springframework.web.filter.FormContentFilter.doFilterInternal(FormContentFilter.java:93)
	at org.springframework.web.filter.OncePerRequestFilter.doFilter(OncePerRequestFilter.java:119)
	at org.apache.catalina.core.ApplicationFilterChain.internalDoFilter(ApplicationFilterChain.java:190)
	at org.apache.catalina.core.ApplicationFilterChain.doFilter(ApplicationFilterChain.java:163)
	at org.springframework.boot.actuate.metrics.web.servlet.WebMvcMetricsFilter.doFilterInternal(WebMvcMetricsFilter.java:96)
	at org.springframework.web.filter.OncePerRequestFilter.doFilter(OncePerRequestFilter.java:119)
	at org.apache.catalina.core.ApplicationFilterChain.internalDoFilter(ApplicationFilterChain.java:190)
	at org.apache.catalina.core.ApplicationFilterChain.doFilter(ApplicationFilterChain.java:163)
	at org.springframework.web.filter.CharacterEncodingFilter.doFilterInternal(CharacterEncodingFilter.java:201)
	at org.springframework.web.filter.OncePerRequestFilter.doFilter(OncePerRequestFilter.java:119)
	at org.apache.catalina.core.ApplicationFilterChain.internalDoFilter(ApplicationFilterChain.java:190)
	at org.apache.catalina.core.ApplicationFilterChain.doFilter(ApplicationFilterChain.java:163)
	at org.apache.catalina.core.StandardWrapperValve.invoke(StandardWrapperValve.java:202)
	at org.apache.catalina.core.StandardContextValve.invoke(StandardContextValve.java:97)
	at org.apache.catalina.authenticator.AuthenticatorBase.invoke(AuthenticatorBase.java:542)
	at org.apache.catalina.core.StandardHostValve.invoke(StandardHostValve.java:143)
	at org.apache.catalina.valves.ErrorReportValve.invoke(ErrorReportValve.java:92)
	at org.apache.catalina.core.StandardEngineValve.invoke(StandardEngineValve.java:78)
	at org.apache.catalina.connector.CoyoteAdapter.service(CoyoteAdapter.java:357)
	at org.apache.coyote.http11.Http11Processor.service(Http11Processor.java:382)
	at org.apache.coyote.AbstractProcessorLight.process(AbstractProcessorLight.java:65)
	at org.apache.coyote.AbstractProtocol$ConnectionHandler.process(AbstractProtocol.java:893)
	at org.apache.tomcat.util.net.NioEndpoint$SocketProcessor.doRun(NioEndpoint.java:1723)
	at org.apache.tomcat.util.net.SocketProcessorBase.run(SocketProcessorBase.java:49)
	at java.util.concurrent.ThreadPoolExecutor.runWorker(ThreadPoolExecutor.java:1149)
	at java.util.concurrent.ThreadPoolExecutor$Worker.run(ThreadPoolExecutor.java:624)
	at org.apache.tomcat.util.threads.TaskThread$WrappingRunnable.run(TaskThread.java:61)
	at java.lang.Thread.run(Thread.java:748)
Caused by: org.yaml.snakeyaml.scanner.ScannerException: while scanning for the next token
found character '@' that cannot start any token. (Do not use @ for indentation)
 in 'reader', line 24, column 22:
            description: @project.description@
                         ^

	at org.yaml.snakeyaml.scanner.ScannerImpl.fetchMoreTokens(ScannerImpl.java:439)
	at org.yaml.snakeyaml.scanner.ScannerImpl.checkToken(ScannerImpl.java:248)
	at org.yaml.snakeyaml.parser.ParserImpl$ParseBlockMappingValue.produce(ParserImpl.java:633)
	at org.yaml.snakeyaml.parser.ParserImpl.peekEvent(ParserImpl.java:165)
	at org.yaml.snakeyaml.comments.CommentEventsCollector$1.peek(CommentEventsCollector.java:59)
	at org.yaml.snakeyaml.comments.CommentEventsCollector$1.peek(CommentEventsCollector.java:45)
	at org.yaml.snakeyaml.comments.CommentEventsCollector.collectEvents(CommentEventsCollector.java:140)
	at org.yaml.snakeyaml.comments.CommentEventsCollector.collectEvents(CommentEventsCollector.java:119)
	at org.yaml.snakeyaml.composer.Composer.composeScalarNode(Composer.java:221)
	at org.yaml.snakeyaml.composer.Composer.composeNode(Composer.java:191)
	at org.yaml.snakeyaml.composer.Composer.composeKeyNode(Composer.java:309)
	at org.yaml.snakeyaml.composer.Composer.composeMappingChildren(Composer.java:300)
	at org.yaml.snakeyaml.composer.Composer.composeMappingNode(Composer.java:288)
	at org.yaml.snakeyaml.composer.Composer.composeNode(Composer.java:195)
	at org.yaml.snakeyaml.composer.Composer.composeValueNode(Composer.java:313)
	at org.yaml.snakeyaml.composer.Composer.composeMappingChildren(Composer.java:304)
	at org.yaml.snakeyaml.composer.Composer.composeMappingNode(Composer.java:288)
	at org.yaml.snakeyaml.composer.Composer.composeNode(Composer.java:195)
	at org.yaml.snakeyaml.composer.Composer.composeValueNode(Composer.java:313)
	at org.yaml.snakeyaml.composer.Composer.composeMappingChildren(Composer.java:304)
	at org.yaml.snakeyaml.composer.Composer.composeMappingNode(Composer.java:288)
	at org.yaml.snakeyaml.composer.Composer.composeNode(Composer.java:195)
	at org.yaml.snakeyaml.composer.Composer.getNode(Composer.java:115)
	at org.yaml.snakeyaml.constructor.BaseConstructor.getData(BaseConstructor.java:135)
	at org.springframework.boot.env.OriginTrackedYamlLoader$OriginTrackingConstructor.getData(OriginTrackedYamlLoader.java:99)
	at org.yaml.snakeyaml.Yaml$1.next(Yaml.java:512)
	at org.springframework.beans.factory.config.YamlProcessor.process(YamlProcessor.java:198)
	at org.springframework.beans.factory.config.YamlProcessor.process(YamlProcessor.java:166)
	at org.springframework.boot.env.OriginTrackedYamlLoader.load(OriginTrackedYamlLoader.java:84)
	at org.springframework.boot.env.YamlPropertySourceLoader.load(YamlPropertySourceLoader.java:50)
	at org.springframework.boot.context.config.StandardConfigDataLoader.load(StandardConfigDataLoader.java:54)
	at org.springframework.boot.context.config.StandardConfigDataLoader.load(StandardConfigDataLoader.java:36)
	at org.springframework.boot.context.config.ConfigDataLoaders.load(ConfigDataLoaders.java:107)
	at org.springframework.boot.context.config.ConfigDataImporter.load(ConfigDataImporter.java:128)
	at org.springframework.boot.context.config.ConfigDataImporter.resolveAndLoad(ConfigDataImporter.java:86)
	at org.springframework.boot.context.config.ConfigDataEnvironmentContributors.withProcessedImports(ConfigDataEnvironmentContributors.java:121)
	at org.springframework.boot.context.config.ConfigDataEnvironment.processInitial(ConfigDataEnvironment.java:240)
	at org.springframework.boot.context.config.ConfigDataEnvironment.processAndApply(ConfigDataEnvironment.java:227)
	at org.springframework.boot.context.config.ConfigDataEnvironmentPostProcessor.postProcessEnvironment(ConfigDataEnvironmentPostProcessor.java:102)
	at org.springframework.boot.context.config.ConfigDataEnvironmentPostProcessor.applyTo(ConfigDataEnvironmentPostProcessor.java:201)
	at org.springframework.cloud.config.server.environment.NativeEnvironmentRepository.findOne(NativeEnvironmentRepository.java:139)
	... 70 common frames omitted

2021-07-22 14:05:18.885  INFO 15852 --- [http-nio-8888-exec-2] .c.s.e.MultipleJGitEnvironmentRepository : Cannot pull from remote null, the working tree is not clean.
2021-07-22 14:05:18.947  WARN 15852 --- [http-nio-8888-exec-2] .c.s.e.MultipleJGitEnvironmentRepository : Could not merge remote for master remote: null
2021-07-22 14:05:18.952  WARN 15852 --- [http-nio-8888-exec-2] .c.s.e.MultipleJGitEnvironmentRepository : The local repository is dirty or ahead of origin. Resetting it to origin/master.
2021-07-22 14:05:18.954  WARN 15852 --- [http-nio-8888-exec-2] .c.s.e.MultipleJGitEnvironmentRepository : Could not reset to remote for master (current ref=refs/remotes/origin/master), remote: null
2021-07-22 14:05:18.996  WARN 15852 --- [http-nio-8888-exec-2] o.s.c.c.s.e.EnvironmentController        : Error getting the Environment with name=sadr-service profiles=default label=null includeOrigin=true

org.springframework.cloud.config.server.environment.FailedToConstructEnvironmentException: Could not construct context for config=sadr-service profile=default label= includeOrigin=true; nested exception is while scanning for the next token
found character '@' that cannot start any token. (Do not use @ for indentation)
 in 'reader', line 24, column 22:
            description: @project.description@
                         ^

	at org.springframework.cloud.config.server.environment.NativeEnvironmentRepository.findOne(NativeEnvironmentRepository.java:158)
	at org.springframework.cloud.config.server.environment.AbstractScmEnvironmentRepository.findOne(AbstractScmEnvironmentRepository.java:57)
	at org.springframework.cloud.config.server.environment.MultipleJGitEnvironmentRepository.findOne(MultipleJGitEnvironmentRepository.java:173)
	at org.springframework.cloud.config.server.environment.CompositeEnvironmentRepository.findOne(CompositeEnvironmentRepository.java:64)
	at org.springframework.cloud.config.server.environment.EnvironmentEncryptorEnvironmentRepository.findOne(EnvironmentEncryptorEnvironmentRepository.java:61)
	at org.springframework.cloud.config.server.environment.EnvironmentController.getEnvironment(EnvironmentController.java:131)
	at org.springframework.cloud.config.server.environment.EnvironmentController.defaultLabelIncludeOrigin(EnvironmentController.java:113)
	at sun.reflect.NativeMethodAccessorImpl.invoke0(Native Method)
	at sun.reflect.NativeMethodAccessorImpl.invoke(NativeMethodAccessorImpl.java:62)
	at sun.reflect.DelegatingMethodAccessorImpl.invoke(DelegatingMethodAccessorImpl.java:43)
	at java.lang.reflect.Method.invoke(Method.java:498)
	at org.springframework.util.ReflectionUtils.invokeMethod(ReflectionUtils.java:282)
	at org.springframework.cloud.context.scope.GenericScope$LockedScopedProxyFactoryBean.invoke(GenericScope.java:485)
	at org.springframework.aop.framework.ReflectiveMethodInvocation.proceed(ReflectiveMethodInvocation.java:186)
	at org.springframework.aop.framework.CglibAopProxy$CglibMethodInvocation.proceed(CglibAopProxy.java:750)
	at org.springframework.aop.framework.CglibAopProxy$DynamicAdvisedInterceptor.intercept(CglibAopProxy.java:692)
	at org.springframework.cloud.config.server.environment.EnvironmentController$$EnhancerBySpringCGLIB$$cb1ea7c1.defaultLabelIncludeOrigin(<generated>)
	at sun.reflect.NativeMethodAccessorImpl.invoke0(Native Method)
	at sun.reflect.NativeMethodAccessorImpl.invoke(NativeMethodAccessorImpl.java:62)
	at sun.reflect.DelegatingMethodAccessorImpl.invoke(DelegatingMethodAccessorImpl.java:43)
	at java.lang.reflect.Method.invoke(Method.java:498)
	at org.springframework.web.method.support.InvocableHandlerMethod.doInvoke(InvocableHandlerMethod.java:197)
	at org.springframework.web.method.support.InvocableHandlerMethod.invokeForRequest(InvocableHandlerMethod.java:141)
	at org.springframework.web.servlet.mvc.method.annotation.ServletInvocableHandlerMethod.invokeAndHandle(ServletInvocableHandlerMethod.java:106)
	at org.springframework.web.servlet.mvc.method.annotation.RequestMappingHandlerAdapter.invokeHandlerMethod(RequestMappingHandlerAdapter.java:894)
	at org.springframework.web.servlet.mvc.method.annotation.RequestMappingHandlerAdapter.handleInternal(RequestMappingHandlerAdapter.java:808)
	at org.springframework.web.servlet.mvc.method.AbstractHandlerMethodAdapter.handle(AbstractHandlerMethodAdapter.java:87)
	at org.springframework.web.servlet.DispatcherServlet.doDispatch(DispatcherServlet.java:1063)
	at org.springframework.web.servlet.DispatcherServlet.doService(DispatcherServlet.java:963)
	at org.springframework.web.servlet.FrameworkServlet.processRequest(FrameworkServlet.java:1006)
	at org.springframework.web.servlet.FrameworkServlet.doGet(FrameworkServlet.java:898)
	at javax.servlet.http.HttpServlet.service(HttpServlet.java:655)
	at org.springframework.web.servlet.FrameworkServlet.service(FrameworkServlet.java:883)
	at javax.servlet.http.HttpServlet.service(HttpServlet.java:764)
	at org.apache.catalina.core.ApplicationFilterChain.internalDoFilter(ApplicationFilterChain.java:228)
	at org.apache.catalina.core.ApplicationFilterChain.doFilter(ApplicationFilterChain.java:163)
	at org.apache.tomcat.websocket.server.WsFilter.doFilter(WsFilter.java:53)
	at org.apache.catalina.core.ApplicationFilterChain.internalDoFilter(ApplicationFilterChain.java:190)
	at org.apache.catalina.core.ApplicationFilterChain.doFilter(ApplicationFilterChain.java:163)
	at org.springframework.web.filter.RequestContextFilter.doFilterInternal(RequestContextFilter.java:100)
	at org.springframework.web.filter.OncePerRequestFilter.doFilter(OncePerRequestFilter.java:119)
	at org.apache.catalina.core.ApplicationFilterChain.internalDoFilter(ApplicationFilterChain.java:190)
	at org.apache.catalina.core.ApplicationFilterChain.doFilter(ApplicationFilterChain.java:163)
	at org.springframework.web.filter.FormContentFilter.doFilterInternal(FormContentFilter.java:93)
	at org.springframework.web.filter.OncePerRequestFilter.doFilter(OncePerRequestFilter.java:119)
	at org.apache.catalina.core.ApplicationFilterChain.internalDoFilter(ApplicationFilterChain.java:190)
	at org.apache.catalina.core.ApplicationFilterChain.doFilter(ApplicationFilterChain.java:163)
	at org.springframework.boot.actuate.metrics.web.servlet.WebMvcMetricsFilter.doFilterInternal(WebMvcMetricsFilter.java:96)
	at org.springframework.web.filter.OncePerRequestFilter.doFilter(OncePerRequestFilter.java:119)
	at org.apache.catalina.core.ApplicationFilterChain.internalDoFilter(ApplicationFilterChain.java:190)
	at org.apache.catalina.core.ApplicationFilterChain.doFilter(ApplicationFilterChain.java:163)
	at org.springframework.web.filter.CharacterEncodingFilter.doFilterInternal(CharacterEncodingFilter.java:201)
	at org.springframework.web.filter.OncePerRequestFilter.doFilter(OncePerRequestFilter.java:119)
	at org.apache.catalina.core.ApplicationFilterChain.internalDoFilter(ApplicationFilterChain.java:190)
	at org.apache.catalina.core.ApplicationFilterChain.doFilter(ApplicationFilterChain.java:163)
	at org.apache.catalina.core.StandardWrapperValve.invoke(StandardWrapperValve.java:202)
	at org.apache.catalina.core.StandardContextValve.invoke(StandardContextValve.java:97)
	at org.apache.catalina.authenticator.AuthenticatorBase.invoke(AuthenticatorBase.java:542)
	at org.apache.catalina.core.StandardHostValve.invoke(StandardHostValve.java:143)
	at org.apache.catalina.valves.ErrorReportValve.invoke(ErrorReportValve.java:92)
	at org.apache.catalina.core.StandardEngineValve.invoke(StandardEngineValve.java:78)
	at org.apache.catalina.connector.CoyoteAdapter.service(CoyoteAdapter.java:357)
	at org.apache.coyote.http11.Http11Processor.service(Http11Processor.java:382)
	at org.apache.coyote.AbstractProcessorLight.process(AbstractProcessorLight.java:65)
	at org.apache.coyote.AbstractProtocol$ConnectionHandler.process(AbstractProtocol.java:893)
	at org.apache.tomcat.util.net.NioEndpoint$SocketProcessor.doRun(NioEndpoint.java:1723)
	at org.apache.tomcat.util.net.SocketProcessorBase.run(SocketProcessorBase.java:49)
	at java.util.concurrent.ThreadPoolExecutor.runWorker(ThreadPoolExecutor.java:1149)
	at java.util.concurrent.ThreadPoolExecutor$Worker.run(ThreadPoolExecutor.java:624)
	at org.apache.tomcat.util.threads.TaskThread$WrappingRunnable.run(TaskThread.java:61)
	at java.lang.Thread.run(Thread.java:748)
Caused by: org.yaml.snakeyaml.scanner.ScannerException: while scanning for the next token
found character '@' that cannot start any token. (Do not use @ for indentation)
 in 'reader', line 24, column 22:
            description: @project.description@
                         ^

	at org.yaml.snakeyaml.scanner.ScannerImpl.fetchMoreTokens(ScannerImpl.java:439)
	at org.yaml.snakeyaml.scanner.ScannerImpl.checkToken(ScannerImpl.java:248)
	at org.yaml.snakeyaml.parser.ParserImpl$ParseBlockMappingValue.produce(ParserImpl.java:633)
	at org.yaml.snakeyaml.parser.ParserImpl.peekEvent(ParserImpl.java:165)
	at org.yaml.snakeyaml.comments.CommentEventsCollector$1.peek(CommentEventsCollector.java:59)
	at org.yaml.snakeyaml.comments.CommentEventsCollector$1.peek(CommentEventsCollector.java:45)
	at org.yaml.snakeyaml.comments.CommentEventsCollector.collectEvents(CommentEventsCollector.java:140)
	at org.yaml.snakeyaml.comments.CommentEventsCollector.collectEvents(CommentEventsCollector.java:119)
	at org.yaml.snakeyaml.composer.Composer.composeScalarNode(Composer.java:221)
	at org.yaml.snakeyaml.composer.Composer.composeNode(Composer.java:191)
	at org.yaml.snakeyaml.composer.Composer.composeKeyNode(Composer.java:309)
	at org.yaml.snakeyaml.composer.Composer.composeMappingChildren(Composer.java:300)
	at org.yaml.snakeyaml.composer.Composer.composeMappingNode(Composer.java:288)
	at org.yaml.snakeyaml.composer.Composer.composeNode(Composer.java:195)
	at org.yaml.snakeyaml.composer.Composer.composeValueNode(Composer.java:313)
	at org.yaml.snakeyaml.composer.Composer.composeMappingChildren(Composer.java:304)
	at org.yaml.snakeyaml.composer.Composer.composeMappingNode(Composer.java:288)
	at org.yaml.snakeyaml.composer.Composer.composeNode(Composer.java:195)
	at org.yaml.snakeyaml.composer.Composer.composeValueNode(Composer.java:313)
	at org.yaml.snakeyaml.composer.Composer.composeMappingChildren(Composer.java:304)
	at org.yaml.snakeyaml.composer.Composer.composeMappingNode(Composer.java:288)
	at org.yaml.snakeyaml.composer.Composer.composeNode(Composer.java:195)
	at org.yaml.snakeyaml.composer.Composer.getNode(Composer.java:115)
	at org.yaml.snakeyaml.constructor.BaseConstructor.getData(BaseConstructor.java:135)
	at org.springframework.boot.env.OriginTrackedYamlLoader$OriginTrackingConstructor.getData(OriginTrackedYamlLoader.java:99)
	at org.yaml.snakeyaml.Yaml$1.next(Yaml.java:512)
	at org.springframework.beans.factory.config.YamlProcessor.process(YamlProcessor.java:198)
	at org.springframework.beans.factory.config.YamlProcessor.process(YamlProcessor.java:166)
	at org.springframework.boot.env.OriginTrackedYamlLoader.load(OriginTrackedYamlLoader.java:84)
	at org.springframework.boot.env.YamlPropertySourceLoader.load(YamlPropertySourceLoader.java:50)
	at org.springframework.boot.context.config.StandardConfigDataLoader.load(StandardConfigDataLoader.java:54)
	at org.springframework.boot.context.config.StandardConfigDataLoader.load(StandardConfigDataLoader.java:36)
	at org.springframework.boot.context.config.ConfigDataLoaders.load(ConfigDataLoaders.java:107)
	at org.springframework.boot.context.config.ConfigDataImporter.load(ConfigDataImporter.java:128)
	at org.springframework.boot.context.config.ConfigDataImporter.resolveAndLoad(ConfigDataImporter.java:86)
	at org.springframework.boot.context.config.ConfigDataEnvironmentContributors.withProcessedImports(ConfigDataEnvironmentContributors.java:121)
	at org.springframework.boot.context.config.ConfigDataEnvironment.processInitial(ConfigDataEnvironment.java:240)
	at org.springframework.boot.context.config.ConfigDataEnvironment.processAndApply(ConfigDataEnvironment.java:227)
	at org.springframework.boot.context.config.ConfigDataEnvironmentPostProcessor.postProcessEnvironment(ConfigDataEnvironmentPostProcessor.java:102)
	at org.springframework.boot.context.config.ConfigDataEnvironmentPostProcessor.applyTo(ConfigDataEnvironmentPostProcessor.java:201)
	at org.springframework.cloud.config.server.environment.NativeEnvironmentRepository.findOne(NativeEnvironmentRepository.java:139)
	... 70 common frames omitted

2021-07-22 19:21:37.332  INFO 15852 --- [RMI TCP Connection(342)-127.0.0.1] inMXBeanRegistrar$SpringApplicationAdmin : Application shutdown requested.
