2021-07-21 11:04:28.842  INFO 9364 --- [main] ms.wacr.com.ConfigServerApplication      : Starting ConfigServerApplication using Java 1.8.0_292 on LIM-3LPR8S2 with PID 9364 (C:\Users\wcabrerr\WorkSpace\Microservices\enmilocalfunciona\configServer\target\classes started by wcabrerr in C:\Users\wcabrerr\WorkSpace\Microservices\enmilocalfunciona\configServer)
2021-07-21 11:04:28.863  INFO 9364 --- [main] ms.wacr.com.ConfigServerApplication      : No active profile set, falling back to default profiles: default
2021-07-21 11:04:28.915  INFO 9364 --- [background-preinit] o.h.validator.internal.util.Version      : HV000001: Hibernate Validator 6.2.0.Final
2021-07-21 11:04:30.904  INFO 9364 --- [main] o.s.cloud.context.scope.GenericScope     : BeanFactory id=0b22bfeb-7283-32ef-9151-a190e79c3b59
2021-07-21 11:04:31.468  INFO 9364 --- [main] o.s.b.w.embedded.tomcat.TomcatWebServer  : Tomcat initialized with port(s): 8888 (http)
2021-07-21 11:04:31.484  INFO 9364 --- [main] o.a.coyote.http11.Http11NioProtocol      : Initializing ProtocolHandler ["http-nio-8888"]
2021-07-21 11:04:31.485  INFO 9364 --- [main] o.apache.catalina.core.StandardService   : Starting service [Tomcat]
2021-07-21 11:04:31.485  INFO 9364 --- [main] org.apache.catalina.core.StandardEngine  : Starting Servlet engine: [Apache Tomcat/9.0.48]
2021-07-21 11:04:31.630  INFO 9364 --- [main] o.a.c.c.C.[Tomcat].[localhost].[/]       : Initializing Spring embedded WebApplicationContext
2021-07-21 11:04:31.631  INFO 9364 --- [main] w.s.c.ServletWebServerApplicationContext : Root WebApplicationContext: initialization completed in 2616 ms
2021-07-21 11:04:33.677  INFO 9364 --- [RMI TCP Connection(3)-127.0.0.1] o.a.c.c.C.[Tomcat].[localhost].[/]       : Initializing Spring DispatcherServlet 'dispatcherServlet'
2021-07-21 11:04:33.677  INFO 9364 --- [RMI TCP Connection(3)-127.0.0.1] o.s.web.servlet.DispatcherServlet        : Initializing Servlet 'dispatcherServlet'
2021-07-21 11:04:33.779  INFO 9364 --- [RMI TCP Connection(3)-127.0.0.1] o.s.b.a.e.web.EndpointLinksResolver      : Exposing 1 endpoint(s) beneath base path '/actuator'
2021-07-21 11:04:33.787  INFO 9364 --- [RMI TCP Connection(3)-127.0.0.1] o.s.web.servlet.DispatcherServlet        : Completed initialization in 110 ms
2021-07-21 11:04:33.966  INFO 9364 --- [main] o.a.coyote.http11.Http11NioProtocol      : Starting ProtocolHandler ["http-nio-8888"]
2021-07-21 11:04:34.054  INFO 9364 --- [main] o.s.b.w.embedded.tomcat.TomcatWebServer  : Tomcat started on port(s): 8888 (http) with context path ''
2021-07-21 11:04:34.854  INFO 9364 --- [main] ms.wacr.com.ConfigServerApplication      : Started ConfigServerApplication in 7.642 seconds (JVM running for 9.523)
2021-07-21 11:09:49.164  INFO 9364 --- [http-nio-8888-exec-1] .c.s.e.MultipleJGitEnvironmentRepository : Cannot pull from remote null, the working tree is not clean.
2021-07-21 11:09:49.320  WARN 9364 --- [http-nio-8888-exec-1] .c.s.e.MultipleJGitEnvironmentRepository : Could not merge remote for master remote: null
2021-07-21 11:09:49.329  WARN 9364 --- [http-nio-8888-exec-1] .c.s.e.MultipleJGitEnvironmentRepository : The local repository is dirty or ahead of origin. Resetting it to origin/master.
2021-07-21 11:09:49.341  WARN 9364 --- [http-nio-8888-exec-1] .c.s.e.MultipleJGitEnvironmentRepository : Could not reset to remote for master (current ref=refs/remotes/origin/master), remote: null
2021-07-21 11:09:49.408  INFO 9364 --- [http-nio-8888-exec-1] o.s.c.c.s.e.NativeEnvironmentRepository  : Adding property source: Config resource 'file [c:\Users\wcabrerr\WorkSpace\Microservices\enmilocalfunciona\ConfigServeRepo\sadr-service.yml]' via location 'file:/c:/Users/wcabrerr/WorkSpace/Microservices/enmilocalfunciona/ConfigServeRepo/'
2021-07-21 11:37:08.789  INFO 9364 --- [http-nio-8888-exec-3] .c.s.e.MultipleJGitEnvironmentRepository : Cannot pull from remote null, the working tree is not clean.
2021-07-21 11:37:08.809  WARN 9364 --- [http-nio-8888-exec-3] .c.s.e.MultipleJGitEnvironmentRepository : Could not merge remote for master remote: null
2021-07-21 11:37:08.813  WARN 9364 --- [http-nio-8888-exec-3] .c.s.e.MultipleJGitEnvironmentRepository : The local repository is dirty or ahead of origin. Resetting it to origin/master.
2021-07-21 11:37:08.815  WARN 9364 --- [http-nio-8888-exec-3] .c.s.e.MultipleJGitEnvironmentRepository : Could not reset to remote for master (current ref=refs/remotes/origin/master), remote: null
2021-07-21 11:37:08.836  INFO 9364 --- [http-nio-8888-exec-3] o.s.c.c.s.e.NativeEnvironmentRepository  : Adding property source: Config resource 'file [c:\Users\wcabrerr\WorkSpace\Microservices\enmilocalfunciona\ConfigServeRepo\sadr-service.yml]' via location 'file:/c:/Users/wcabrerr/WorkSpace/Microservices/enmilocalfunciona/ConfigServeRepo/'
